1 38
2 113
3 84
4 80
5 16
6 44
7 112
8 55
9 60
10 34
11 79
12 70
13 22
14 21
15 59
16 1
17 2
18 87
19 3
20 73
21 23
22 26
23 35
24 36
25 72
26 89
27 76
28 53
29 105
30 128
31 83
32 50
33 104
34 45
35 93
36 95
37 120
38 66
39 63
40 20
41 75
42 37
43 88
44 27
45 101
46 10
47 24
48 29
49 51
50 99
51 108
52 71
53 13
54 125
55 30
56 57
57 52
58 7
59 90
60 18
61 94
62 32
63 126
64 122
65 46
66 127
67 65
68 115
69 78
70 117
71 69
72 111
73 74
74 123
75 49
76 5
77 19
78 124
79 41
80 86
81 100
82 82
83 110
84 28
85 4
86 121
87 17
88 58
89 42
90 98
91 64
92 118
93 67
94 106
95 119
96 6
97 12
98 85
99 14
100 39
101 56
102 54
103 43
104 47
105 40
106 77
107 109
108 48
109 33
110 8
111 25
112 61
113 114
114 116
115 68
116 92
117 103
118 102
119 11
120 15
121 81
122 62
123 31
124 97
125 9
126 107
127 91
128 96
