1 4
2 70
3 252
4 199
5 59
6 43
7 207
8 237
9 195
10 96
11 245
12 17
13 31
14 254
15 19
16 218
17 27
18 30
19 184
20 115
21 176
22 164
23 180
24 69
25 139
26 230
27 134
28 162
29 178
30 212
31 154
32 197
33 110
34 219
35 144
36 101
37 118
38 217
39 181
40 244
41 48
42 248
43 46
44 55
45 229
46 136
47 107
48 83
49 148
50 239
51 222
52 235
53 124
54 234
55 205
56 20
57 246
58 58
59 253
60 210
61 78
62 231
63 114
64 42
65 142
66 160
67 158
68 192
69 146
70 56
71 133
72 72
73 37
74 236
75 49
76 247
77 211
78 185
79 108
80 153
81 126
82 193
83 151
84 10
85 53
86 171
87 145
88 32
89 183
90 93
91 220
92 177
93 223
94 77
95 44
96 232
97 201
98 190
99 111
100 189
101 255
102 75
103 57
104 122
105 156
106 127
107 243
108 88
109 224
110 24
111 98
112 214
113 87
114 172
115 198
116 28
117 141
118 225
119 5
120 11
121 143
122 29
123 206
124 97
125 179
126 238
127 168
128 8
129 202
130 13
131 23
132 105
133 79
134 14
135 45
136 204
137 66
138 112
139 191
140 16
141 104
142 140
143 120
144 99
145 155
146 62
147 2
148 3
149 89
150 221
151 74
152 123
153 7
154 84
155 186
156 203
157 34
158 76
159 166
160 80
161 131
162 241
163 95
164 64
165 71
166 92
167 216
168 182
169 60
170 215
171 170
172 50
173 250
174 9
175 242
176 36
177 90
178 25
179 125
180 40
181 194
182 187
183 163
184 233
185 150
186 54
187 135
188 228
189 102
190 159
191 157
192 67
193 119
194 240
195 226
196 68
197 86
198 91
199 22
200 113
201 81
202 15
203 165
204 147
205 38
206 138
207 35
208 209
209 63
210 169
211 188
212 18
213 175
214 1
215 117
216 103
217 51
218 82
219 33
220 94
221 213
222 26
223 6
224 251
225 21
226 130
227 196
228 227
229 128
230 52
231 109
232 39
233 129
234 47
235 173
236 200
237 121
238 85
239 256
240 152
241 41
242 100
243 12
244 208
245 167
246 61
247 249
248 161
249 73
250 116
251 174
252 65
253 149
254 106
255 132
256 137
