1 11
2 12
3 377
4 458
5 78
6 39
7 430
8 329
9 507
10 18
11 328
12 153
13 358
14 200
15 491
16 3
17 345
18 178
19 500
20 448
21 288
22 479
23 211
24 177
25 381
26 163
27 435
28 170
29 414
30 450
31 84
32 462
33 366
34 113
35 262
36 244
37 297
38 135
39 284
40 109
41 306
42 17
43 194
44 272
45 247
46 215
47 504
48 210
49 499
50 260
51 265
52 275
53 127
54 218
55 257
56 77
57 154
58 467
59 357
60 399
61 481
62 486
63 424
64 444
65 38
66 79
67 412
68 385
69 189
70 510
71 27
72 130
73 489
74 193
75 325
76 23
77 438
78 141
79 179
80 370
81 290
82 219
83 46
84 332
85 365
86 305
87 343
88 48
89 34
90 310
91 341
92 282
93 41
94 89
95 512
96 161
97 350
98 308
99 238
100 30
101 95
102 232
103 93
104 15
105 37
106 16
107 342
108 162
109 198
110 404
111 378
112 105
113 495
114 155
115 410
116 123
117 295
118 389
119 126
120 480
121 235
122 150
123 28
124 509
125 42
126 124
127 492
128 335
129 299
130 396
131 19
132 280
133 55
134 236
135 228
136 33
137 477
138 80
139 75
140 401
141 74
142 447
143 490
144 437
145 417
146 53
147 264
148 487
149 52
150 104
151 483
152 147
153 136
154 391
155 239
156 415
157 214
158 65
159 254
160 333
161 132
162 318
163 9
164 449
165 294
166 4
167 464
168 298
169 364
170 250
171 266
172 375
173 403
174 392
175 167
176 181
177 29
178 134
179 32
180 118
181 386
182 243
183 348
184 158
185 496
186 387
187 226
188 369
189 188
190 25
191 353
192 175
193 139
194 102
195 326
196 14
197 196
198 13
199 470
200 413
201 5
202 349
203 184
204 281
205 82
206 213
207 289
208 268
209 230
210 367
211 160
212 70
213 321
214 324
215 197
216 313
217 485
218 291
219 287
220 94
221 398
222 159
223 304
224 63
225 395
226 245
227 292
228 384
229 185
230 511
231 149
232 8
233 362
234 240
235 61
236 137
237 303
238 31
239 92
240 56
241 220
242 419
243 422
244 146
245 482
246 508
247 420
248 202
249 433
250 121
251 58
252 441
253 468
254 116
255 174
256 475
257 176
258 144
259 221
260 225
261 432
262 302
263 88
264 336
265 81
266 241
267 253
268 494
269 182
270 478
271 60
272 382
273 10
274 100
275 488
276 73
277 255
278 131
279 51
280 296
281 233
282 270
283 106
284 164
285 205
286 24
287 379
288 359
289 267
290 319
291 251
292 249
293 315
294 86
295 217
296 152
297 409
298 187
299 69
300 156
301 431
302 66
303 285
304 117
305 446
306 439
307 96
308 222
309 443
310 354
311 143
312 183
313 309
314 212
315 133
316 208
317 129
318 355
319 436
320 411
321 360
322 279
323 273
324 428
325 472
326 505
327 169
328 101
329 44
330 98
331 190
332 461
333 271
334 311
335 317
336 115
337 43
338 451
339 209
340 418
341 151
342 246
343 107
344 361
345 402
346 276
347 224
348 423
349 337
350 497
351 323
352 59
353 330
354 327
355 416
356 429
357 180
358 91
359 380
360 97
361 283
362 203
363 502
364 474
365 68
366 421
367 114
368 99
369 108
370 237
371 122
372 460
373 425
374 484
375 347
376 223
377 231
378 445
379 199
380 393
381 368
382 331
383 339
384 195
385 476
386 320
387 40
388 248
389 340
390 216
391 49
392 503
393 405
394 234
395 493
396 119
397 322
398 242
399 72
400 426
401 463
402 465
403 227
404 457
405 50
406 83
407 20
408 252
409 192
410 62
411 261
412 166
413 206
414 374
415 373
416 191
417 172
418 454
419 64
420 36
421 312
422 186
423 388
424 26
425 76
426 408
427 6
428 90
429 390
430 204
431 453
432 45
433 277
434 400
435 263
436 397
437 138
438 407
439 168
440 456
441 394
442 452
443 140
444 67
445 363
446 351
447 148
448 258
449 274
450 157
451 498
452 165
453 376
454 57
455 278
456 173
457 501
458 455
459 85
460 171
461 301
462 71
463 207
464 346
465 338
466 120
467 125
468 259
469 111
470 229
471 442
472 316
473 469
474 35
475 334
476 22
477 372
478 466
479 352
480 471
481 47
482 440
483 307
484 269
485 112
486 506
487 434
488 2
489 293
490 286
491 110
492 142
493 7
494 371
495 314
496 356
497 473
498 256
499 103
500 21
501 128
502 459
503 383
504 54
505 344
506 300
507 406
508 87
509 427
510 1
511 201
512 145
